<?xml version="1.0" encoding="UTF-8"?>
<!-- Generated by org.testng.reporters.JUnitXMLReporter -->
<testsuite ignored="0" hostname="Vishnu" failures="0" tests="1" name="Test-Runner-Firefox" time="152.173" errors="0" timestamp="2023-07-29T12:53:25 IST">
  <testcase classname="vtiger.OrganizationTests.CreateContactWithOrganization" name="createContactWithOrganization" time="0.0">
    <skipped/>
  </testcase> <!-- createContactWithOrganization -->
</testsuite> <!-- Test-Runner-Firefox -->
