<?xml version="1.0" encoding="UTF-8"?>
<!-- Generated by org.testng.reporters.JUnitXMLReporter -->
<testsuite ignored="0" hostname="Vishnu" failures="0" tests="2" name="Test-Runner-1" time="44.249" errors="0" timestamp="2023-07-29T12:40:21 IST">
  <testcase classname="vtiger.OrganizationTests.CreateOrgWithIndustryUsingDDT_GU" name="createOrgWithIndustry" time="19.839"/>
  <testcase classname="vtiger.OrganizationTests.CreateOrgWithIndustryUsingDDT_GU" name="sample" time="0.002"/>
</testsuite> <!-- Test-Runner-1 -->
