<?xml version="1.0" encoding="UTF-8"?>
<!-- Generated by org.testng.reporters.JUnitXMLReporter -->
<testsuite ignored="0" hostname="Vishnu" failures="0" tests="2" name="Test-Runner-Chrome" time="23.812" errors="0" timestamp="2023-07-29T12:51:16 IST">
  <testcase classname="vtiger.OrganizationTests.CreateOrgWithIndustryUsingDDT_GU" name="createOrgWithIndustry" time="15.009"/>
  <testcase classname="vtiger.OrganizationTests.CreateOrgWithIndustryUsingDDT_GU" name="sample" time="0.002"/>
</testsuite> <!-- Test-Runner-Chrome -->
