<?xml version="1.0" encoding="UTF-8"?>
<!-- Generated by org.testng.reporters.JUnitReportReporter -->
<testsuite hostname="Vishnu" failures="0" tests="3" name="vtiger.Practise.DataProvider.DataProviderPractise" time="0.020" errors="0" timestamp="2023-07-23T10:07:16 IST" skipped="0">
  <testcase classname="vtiger.Practise.DataProvider.DataProviderPractise" name="addToCartTest" time="0.003"/>
  <testcase classname="vtiger.Practise.DataProvider.DataProviderPractise" name="addToCartTest" time="0.015"/>
  <testcase classname="vtiger.Practise.DataProvider.DataProviderPractise" name="addToCartTest" time="0.002"/>
</testsuite> <!-- vtiger.Practise.DataProvider.DataProviderPractise -->
